#
# There is insufficient memory for the Java Runtime Environment to continue.
# Native memory allocation (malloc) failed to allocate 1393296 bytes for Chunk::new
# Possible reasons:
#   The system is out of physical RAM or swap space
#   In 32 bit mode, the process size limit was hit
# Possible solutions:
#   Reduce memory load on the system
#   Increase physical memory or swap space
#   Check if swap backing store is full
#   Use 64 bit Java on a 64 bit OS
#   Decrease Java heap size (-Xmx/-Xms)
#   Decrease number of Java threads
#   Decrease Java thread stack sizes (-Xss)
#   Set larger code cache with -XX:ReservedCodeCacheSize=
# This output file may be truncated or incomplete.
#
#  Out of Memory Error (allocation.cpp:390), pid=8152, tid=0x0000000000001ca0
#
# JRE version: Java(TM) SE Runtime Environment (8.0_112-b15) (build 1.8.0_112-b15)
# Java VM: Java HotSpot(TM) 64-Bit Server VM (25.112-b15 mixed mode windows-amd64 compressed oops)
# Failed to write core dump. Minidumps are not enabled by default on client versions of Windows
#

---------------  T H R E A D  ---------------

Current thread (0x0000000014f27000):  JavaThread "C2 CompilerThread0" daemon [_thread_in_native, id=7328, stack(0x0000000016580000,0x0000000016680000)]

Stack: [0x0000000016580000,0x0000000016680000]
[error occurred during error reporting (printing stack bounds), id 0xc0000005]

Native frames: (J=compiled Java code, j=interpreted, Vv=VM code, C=native code)


Current CompileTask:
C2: 308755 4834   !   4       org.springframework.util.ReflectionUtils::doWithLocalMethods (88 bytes)


---------------  P R O C E S S  ---------------

Java Threads: ( => current thread )
  0x0000000017f5d000 JavaThread "DestroyJavaVM" [_thread_blocked, id=8456, stack(0x00000000025c0000,0x00000000026c0000)]
  0x0000000017f56800 JavaThread "http-nio-8080-AsyncTimeout" daemon [_thread_blocked, id=1868, stack(0x0000000020c30000,0x0000000020d30000)]
  0x0000000017f55800 JavaThread "http-nio-8080-Acceptor-0" daemon [_thread_in_native, id=6440, stack(0x0000000020b30000,0x0000000020c30000)]
  0x0000000017f5c800 JavaThread "http-nio-8080-ClientPoller-1" daemon [_thread_in_native, id=6988, stack(0x0000000020a30000,0x0000000020b30000)]
  0x0000000017f58000 JavaThread "http-nio-8080-ClientPoller-0" daemon [_thread_in_native, id=5244, stack(0x0000000020930000,0x0000000020a30000)]
  0x0000000017f55000 JavaThread "http-nio-8080-exec-10" daemon [_thread_blocked, id=5560, stack(0x0000000020830000,0x0000000020930000)]
  0x0000000017f5b000 JavaThread "http-nio-8080-exec-9" daemon [_thread_blocked, id=7016, stack(0x0000000020730000,0x0000000020830000)]
  0x0000000017f59800 JavaThread "http-nio-8080-exec-8" daemon [_thread_blocked, id=8216, stack(0x0000000020630000,0x0000000020730000)]
  0x0000000017f57000 JavaThread "http-nio-8080-exec-7" daemon [_thread_blocked, id=2092, stack(0x0000000020530000,0x0000000020630000)]
  0x0000000017f5a000 JavaThread "http-nio-8080-exec-6" daemon [_thread_blocked, id=8108, stack(0x0000000020430000,0x0000000020530000)]
  0x0000000017f5b800 JavaThread "http-nio-8080-exec-5" daemon [_thread_blocked, id=3404, stack(0x0000000020330000,0x0000000020430000)]
  0x0000000017b36000 JavaThread "http-nio-8080-exec-4" daemon [_thread_blocked, id=8180, stack(0x0000000020230000,0x0000000020330000)]
  0x0000000017b3c800 JavaThread "http-nio-8080-exec-3" daemon [_thread_blocked, id=116, stack(0x0000000020130000,0x0000000020230000)]
  0x0000000017b3b000 JavaThread "http-nio-8080-exec-2" daemon [_thread_blocked, id=6204, stack(0x0000000020030000,0x0000000020130000)]
  0x0000000017b3a800 JavaThread "http-nio-8080-exec-1" daemon [_thread_blocked, id=728, stack(0x000000001ff30000,0x0000000020030000)]
  0x0000000017b36800 JavaThread "NioBlockingSelector.BlockPoller-1" daemon [_thread_in_native, id=8992, stack(0x000000001fe30000,0x000000001ff30000)]
  0x0000000017b38000 JavaThread "Live Reload Server" daemon [_thread_in_native, id=8652, stack(0x000000001fd30000,0x000000001fe30000)]
  0x0000000017b39000 JavaThread "File Watcher" daemon [_thread_blocked, id=8284, stack(0x000000001fb30000,0x000000001fc30000)]
  0x0000000019bdc800 JavaThread "Tomcat JDBC Pool Cleaner[1943105171:1512474150947]" daemon [_thread_blocked, id=7488, stack(0x000000001d9e0000,0x000000001dae0000)]
  0x0000000018536000 JavaThread "container-0" [_thread_blocked, id=4756, stack(0x000000001d8e0000,0x000000001d9e0000)]
  0x0000000017cdf000 JavaThread "ContainerBackgroundProcessor[StandardEngine[Tomcat]]" daemon [_thread_blocked, id=6588, stack(0x000000001d7e0000,0x000000001d8e0000)]
  0x00000000168ca000 JavaThread "Service Thread" daemon [_thread_blocked, id=7008, stack(0x0000000016c80000,0x0000000016d80000)]
  0x0000000014f59000 JavaThread "C1 CompilerThread2" daemon [_thread_blocked, id=4288, stack(0x0000000016780000,0x0000000016880000)]
  0x0000000014f29000 JavaThread "C2 CompilerThread1" daemon [_thread_in_native, id=5172, stack(0x0000000016680000,0x0000000016780000)]
=>0x0000000014f27000 JavaThread "C2 CompilerThread0" daemon [_thread_in_native, id=7328, stack(0x0000000016580000,0x0000000016680000)]
  0x0000000014f25800 JavaThread "Attach Listener" daemon [_thread_blocked, id=6152, stack(0x0000000016480000,0x0000000016580000)]
  0x0000000014f22800 JavaThread "Signal Dispatcher" daemon [_thread_blocked, id=3804, stack(0x0000000016380000,0x0000000016480000)]
  0x0000000014f09000 JavaThread "Finalizer" daemon [_thread_blocked, id=5124, stack(0x0000000016190000,0x0000000016290000)]
  0x0000000002844000 JavaThread "Reference Handler" daemon [_thread_blocked, id=6908, stack(0x0000000016090000,0x0000000016190000)]

Other Threads:
  0x0000000014ee7800 VMThread [stack: 0x0000000015f90000,0x0000000016090000] [id=7196]
  0x00000000168d0800 WatcherThread [stack: 0x0000000016d80000,0x0000000016e80000] [id=4668]

VM state:not at safepoint (normal execution)

VM Mutex/Monitor currently owned by a thread: None

Heap:
 PSYoungGen      total 205824K, used 193853K [0x00000000eb200000, 0x00000000f9400000, 0x0000000100000000)
  eden space 191488K, 93% used [0x00000000eb200000,0x00000000f6156788,0x00000000f6d00000)
  from space 14336K, 99% used [0x00000000f8600000,0x00000000f93f8d58,0x00000000f9400000)
  to   space 16896K, 0% used [0x00000000f7300000,0x00000000f7300000,0x00000000f8380000)
 ParOldGen       total 57856K, used 20798K [0x00000000c1600000, 0x00000000c4e80000, 0x00000000eb200000)
  object space 57856K, 35% used [0x00000000c1600000,0x00000000c2a4f890,0x00000000c4e80000)
 Metaspace       used 54712K, capacity 55265K, committed 55728K, reserved 1097728K
  class space    used 6894K, capacity 7046K, committed 7088K, reserved 1048576K

Card table byte_map: [0x0000000011ce0000,0x0000000011ee0000] byte_map_base: 0x00000000116d5000

Marking Bits: (ParMarkBitMap*) 0x0000000057bba6d0
 Begin Bits: [0x0000000012430000, 0x00000000133d8000)
 End Bits:   [0x00000000133d8000, 0x0000000014380000)

Polling page: 0x00000000026c0000

CodeCache: size=245760Kb used=16016Kb max_used=16841Kb free=229743Kb
 bounds [0x0000000002920000, 0x00000000039e0000, 0x0000000011920000]
 total_blobs=4962 nmethods=4198 adapters=676
 compilation: enabled

Compilation events (10 events):
Event: 308.323 Thread 0x0000000014f59000 5021       2       org.h2.message.TraceObject::debugCodeCall (61 bytes)
Event: 308.324 Thread 0x0000000014f59000 nmethod 5021 0x00000000035aa290 code [0x00000000035aa4c0, 0x00000000035aab88]
Event: 308.324 Thread 0x0000000014f59000 5019       2       antlr.CharScanner::append (16 bytes)
Event: 308.325 Thread 0x0000000014f59000 nmethod 5019 0x0000000002c0a450 code [0x0000000002c0a5c0, 0x0000000002c0a748]
Event: 308.325 Thread 0x0000000014f59000 5017       1       antlr.CommonToken::getText (5 bytes)
Event: 308.325 Thread 0x0000000014f59000 nmethod 5017 0x0000000002e35a10 code [0x0000000002e35b60, 0x0000000002e35c70]
Event: 308.327 Thread 0x0000000014f59000 5022   !   2       org.hibernate.jpa.internal.EntityManagerImpl::internalGetSession (190 bytes)
Event: 308.330 Thread 0x0000000014f59000 nmethod 5022 0x000000000364f2d0 code [0x000000000364f580, 0x0000000003650258]
Event: 308.364 Thread 0x0000000014f29000 nmethod 4893 0x0000000003524010 code [0x0000000003524a20, 0x000000000352fc70]
Event: 308.364 Thread 0x0000000014f29000 4990   !   4       org.springframework.core.annotation.AnnotatedElementUtils::searchWithFindSemantics (713 bytes)

GC Heap History (10 events):
Event: 5.424 GC heap before
{Heap before GC invocations=10 (full 1):
 PSYoungGen      total 112640K, used 112185K [0x00000000eb200000, 0x00000000f3c80000, 0x0000000100000000)
  eden space 108032K, 100% used [0x00000000eb200000,0x00000000f1b80000,0x00000000f1b80000)
  from space 4608K, 90% used [0x00000000f3800000,0x00000000f3c0e760,0x00000000f3c80000)
  to   space 7680K, 0% used [0x00000000f2d80000,0x00000000f2d80000,0x00000000f3500000)
 ParOldGen       total 31232K, used 6240K [0x00000000c1600000, 0x00000000c3480000, 0x00000000eb200000)
  object space 31232K, 19% used [0x00000000c1600000,0x00000000c1c181a0,0x00000000c3480000)
 Metaspace       used 29090K, capacity 29465K, committed 29616K, reserved 1075200K
  class space    used 3590K, capacity 3700K, committed 3760K, reserved 1048576K
Event: 5.444 GC heap after
Heap after GC invocations=10 (full 1):
 PSYoungGen      total 134144K, used 7660K [0x00000000eb200000, 0x00000000f5980000, 0x0000000100000000)
  eden space 126464K, 0% used [0x00000000eb200000,0x00000000eb200000,0x00000000f2d80000)
  from space 7680K, 99% used [0x00000000f2d80000,0x00000000f34fb0a0,0x00000000f3500000)
  to   space 11264K, 0% used [0x00000000f4e80000,0x00000000f4e80000,0x00000000f5980000)
 ParOldGen       total 31232K, used 12602K [0x00000000c1600000, 0x00000000c3480000, 0x00000000eb200000)
  object space 31232K, 40% used [0x00000000c1600000,0x00000000c224eae0,0x00000000c3480000)
 Metaspace       used 29090K, capacity 29465K, committed 29616K, reserved 1075200K
  class space    used 3590K, capacity 3700K, committed 3760K, reserved 1048576K
}
Event: 6.607 GC heap before
{Heap before GC invocations=11 (full 1):
 PSYoungGen      total 134144K, used 134124K [0x00000000eb200000, 0x00000000f5980000, 0x0000000100000000)
  eden space 126464K, 100% used [0x00000000eb200000,0x00000000f2d80000,0x00000000f2d80000)
  from space 7680K, 99% used [0x00000000f2d80000,0x00000000f34fb0a0,0x00000000f3500000)
  to   space 11264K, 0% used [0x00000000f4e80000,0x00000000f4e80000,0x00000000f5980000)
 ParOldGen       total 31232K, used 12602K [0x00000000c1600000, 0x00000000c3480000, 0x00000000eb200000)
  object space 31232K, 40% used [0x00000000c1600000,0x00000000c224eae0,0x00000000c3480000)
 Metaspace       used 33818K, capacity 34175K, committed 34480K, reserved 1079296K
  class space    used 4129K, capacity 4245K, committed 4272K, reserved 1048576K
Event: 6.629 GC heap after
Heap after GC invocations=11 (full 1):
 PSYoungGen      total 157696K, used 11255K [0x00000000eb200000, 0x00000000f7480000, 0x0000000100000000)
  eden space 146432K, 0% used [0x00000000eb200000,0x00000000eb200000,0x00000000f4100000)
  from space 11264K, 99% used [0x00000000f4e80000,0x00000000f597dd00,0x00000000f5980000)
  to   space 13824K, 0% used [0x00000000f4100000,0x00000000f4100000,0x00000000f4e80000)
 ParOldGen       total 31232K, used 15665K [0x00000000c1600000, 0x00000000c3480000, 0x00000000eb200000)
  object space 31232K, 50% used [0x00000000c1600000,0x00000000c254c7a8,0x00000000c3480000)
 Metaspace       used 33818K, capacity 34175K, committed 34480K, reserved 1079296K
  class space    used 4129K, capacity 4245K, committed 4272K, reserved 1048576K
}
Event: 6.839 GC heap before
{Heap before GC invocations=12 (full 1):
 PSYoungGen      total 157696K, used 24947K [0x00000000eb200000, 0x00000000f7480000, 0x0000000100000000)
  eden space 146432K, 9% used [0x00000000eb200000,0x00000000ebf5f230,0x00000000f4100000)
  from space 11264K, 99% used [0x00000000f4e80000,0x00000000f597dd00,0x00000000f5980000)
  to   space 13824K, 0% used [0x00000000f4100000,0x00000000f4100000,0x00000000f4e80000)
 ParOldGen       total 31232K, used 15665K [0x00000000c1600000, 0x00000000c3480000, 0x00000000eb200000)
  object space 31232K, 50% used [0x00000000c1600000,0x00000000c254c7a8,0x00000000c3480000)
 Metaspace       used 34841K, capacity 35255K, committed 35496K, reserved 1081344K
  class space    used 4231K, capacity 4345K, committed 4400K, reserved 1048576K
Event: 6.855 GC heap after
Heap after GC invocations=12 (full 1):
 PSYoungGen      total 160256K, used 1067K [0x00000000eb200000, 0x00000000f9400000, 0x0000000100000000)
  eden space 146432K, 0% used [0x00000000eb200000,0x00000000eb200000,0x00000000f4100000)
  from space 13824K, 7% used [0x00000000f4100000,0x00000000f420af58,0x00000000f4e80000)
  to   space 14336K, 0% used [0x00000000f8600000,0x00000000f8600000,0x00000000f9400000)
 ParOldGen       total 31232K, used 24506K [0x00000000c1600000, 0x00000000c3480000, 0x00000000eb200000)
  object space 31232K, 78% used [0x00000000c1600000,0x00000000c2deeb18,0x00000000c3480000)
 Metaspace       used 34841K, capacity 35255K, committed 35496K, reserved 1081344K
  class space    used 4231K, capacity 4345K, committed 4400K, reserved 1048576K
}
Event: 6.855 GC heap before
{Heap before GC invocations=13 (full 2):
 PSYoungGen      total 160256K, used 1067K [0x00000000eb200000, 0x00000000f9400000, 0x0000000100000000)
  eden space 146432K, 0% used [0x00000000eb200000,0x00000000eb200000,0x00000000f4100000)
  from space 13824K, 7% used [0x00000000f4100000,0x00000000f420af58,0x00000000f4e80000)
  to   space 14336K, 0% used [0x00000000f8600000,0x00000000f8600000,0x00000000f9400000)
 ParOldGen       total 31232K, used 24506K [0x00000000c1600000, 0x00000000c3480000, 0x00000000eb200000)
  object space 31232K, 78% used [0x00000000c1600000,0x00000000c2deeb18,0x00000000c3480000)
 Metaspace       used 34841K, capacity 35255K, committed 35496K, reserved 1081344K
  class space    used 4231K, capacity 4345K, committed 4400K, reserved 1048576K
Event: 7.050 GC heap after
Heap after GC invocations=13 (full 2):
 PSYoungGen      total 160256K, used 0K [0x00000000eb200000, 0x00000000f9400000, 0x0000000100000000)
  eden space 146432K, 0% used [0x00000000eb200000,0x00000000eb200000,0x00000000f4100000)
  from space 13824K, 0% used [0x00000000f4100000,0x00000000f4100000,0x00000000f4e80000)
  to   space 14336K, 0% used [0x00000000f8600000,0x00000000f8600000,0x00000000f9400000)
 ParOldGen       total 57856K, used 19357K [0x00000000c1600000, 0x00000000c4e80000, 0x00000000eb200000)
  object space 57856K, 33% used [0x00000000c1600000,0x00000000c28e7790,0x00000000c4e80000)
 Metaspace       used 34841K, capacity 35255K, committed 35496K, reserved 1081344K
  class space    used 4231K, capacity 4345K, committed 4400K, reserved 1048576K
}
Event: 9.484 GC heap before
{Heap before GC invocations=14 (full 2):
 PSYoungGen      total 160256K, used 146432K [0x00000000eb200000, 0x00000000f9400000, 0x0000000100000000)
  eden space 146432K, 100% used [0x00000000eb200000,0x00000000f4100000,0x00000000f4100000)
  from space 13824K, 0% used [0x00000000f4100000,0x00000000f4100000,0x00000000f4e80000)
  to   space 14336K, 0% used [0x00000000f8600000,0x00000000f8600000,0x00000000f9400000)
 ParOldGen       total 57856K, used 19357K [0x00000000c1600000, 0x00000000c4e80000, 0x00000000eb200000)
  object space 57856K, 33% used [0x00000000c1600000,0x00000000c28e7790,0x00000000c4e80000)
 Metaspace       used 46834K, capacity 47327K, committed 47664K, reserved 1091584K
  class space    used 6007K, capacity 6117K, committed 6192K, reserved 1048576K
Event: 9.507 GC heap after
Heap after GC invocations=14 (full 2):
 PSYoungGen      total 205824K, used 14307K [0x00000000eb200000, 0x00000000f9400000, 0x0000000100000000)
  eden space 191488K, 0% used [0x00000000eb200000,0x00000000eb200000,0x00000000f6d00000)
  from space 14336K, 99% used [0x00000000f8600000,0x00000000f93f8d58,0x00000000f9400000)
  to   space 16896K, 0% used [0x00000000f7300000,0x00000000f7300000,0x00000000f8380000)
 ParOldGen       total 57856K, used 20798K [0x00000000c1600000, 0x00000000c4e80000, 0x00000000eb200000)
  object space 57856K, 35% used [0x00000000c1600000,0x00000000c2a4f890,0x00000000c4e80000)
 Metaspace       used 46834K, capacity 47327K, committed 47664K, reserved 1091584K
  class space    used 6007K, capacity 6117K, committed 6192K, reserved 1048576K
}

Deoptimization events (10 events):
Event: 307.405 Thread 0x0000000017b3a800 Uncommon trap: reason=class_check action=maybe_recompile pc=0x0000000002afdf3c method=sun.nio.cs.ThreadLocalCoders$1.hasName(Ljava/lang/Object;Ljava/lang/Object;)Z @ 8
Event: 307.457 Thread 0x0000000017b3a800 Uncommon trap: reason=bimorphic action=maybe_recompile pc=0x0000000002ce1650 method=java.util.Hashtable.get(Ljava/lang/Object;)Ljava/lang/Object; @ 45
Event: 307.461 Thread 0x0000000017b3a800 Uncommon trap: reason=bimorphic action=maybe_recompile pc=0x0000000002ce1650 method=java.util.Hashtable.get(Ljava/lang/Object;)Ljava/lang/Object; @ 45
Event: 307.463 Thread 0x0000000017b3a800 Uncommon trap: reason=unstable_if action=reinterpret pc=0x0000000002a472c0 method=java.lang.CharacterData.of(I)Ljava/lang/CharacterData; @ 4
Event: 307.568 Thread 0x0000000017b3a800 Uncommon trap: reason=unstable_if action=reinterpret pc=0x0000000002f56b04 method=java.lang.String.indexOf([CII[CIII)I @ 27
Event: 307.568 Thread 0x0000000017b3a800 Uncommon trap: reason=unstable_if action=reinterpret pc=0x0000000002e527dc method=java.lang.String.indexOf([CII[CIII)I @ 27
Event: 307.877 Thread 0x0000000017b3a800 Uncommon trap: reason=class_check action=maybe_recompile pc=0x00000000033b9314 method=java.util.AbstractList$Itr.hasNext()Z @ 8
Event: 307.877 Thread 0x0000000017b3a800 Uncommon trap: reason=class_check action=maybe_recompile pc=0x0000000003405244 method=java.util.AbstractList$Itr.next()Ljava/lang/Object; @ 14
Event: 308.066 Thread 0x0000000017b3b000 Uncommon trap: reason=unstable_if action=reinterpret pc=0x0000000002be8bbc method=java.lang.String.indexOf([CII[CIII)I @ 27
Event: 308.077 Thread 0x0000000017b3b000 Uncommon trap: reason=unstable_if action=reinterpret pc=0x0000000002f22c1c method=java.util.LinkedHashMap.afterNodeInsertion(Z)V @ 18

Internal exceptions (10 events):
Event: 307.070 Thread 0x0000000017b3a800 Exception <a 'java/lang/ClassNotFoundException': org/springframework/web/servlet/RequestToViewNameTranslatorCustomizer> (0x00000000f42ef460) thrown at [C:\re\workspace\8-2-build-windows-amd64-cygwin\jdk8u112\7884\hotspot\src\share\vm\classfile\systemDicti
Event: 307.075 Thread 0x0000000017b3a800 Exception <a 'java/lang/ClassNotFoundException': java/lang/ObjectCustomizer> (0x00000000f4327900) thrown at [C:\re\workspace\8-2-build-windows-amd64-cygwin\jdk8u112\7884\hotspot\src\share\vm\classfile\systemDictionary.cpp, line 210]
Event: 307.077 Thread 0x0000000017b3a800 Exception <a 'java/lang/ClassNotFoundException': org/springframework/web/servlet/support/AbstractFlashMapManagerCustomizer> (0x00000000f4343278) thrown at [C:\re\workspace\8-2-build-windows-amd64-cygwin\jdk8u112\7884\hotspot\src\share\vm\classfile\systemD
Event: 307.081 Thread 0x0000000017b3a800 Exception <a 'java/lang/ClassNotFoundException': org/springframework/web/servlet/support/SessionFlashMapManagerCustomizer> (0x00000000f4362a90) thrown at [C:\re\workspace\8-2-build-windows-amd64-cygwin\jdk8u112\7884\hotspot\src\share\vm\classfile\systemDi
Event: 307.083 Thread 0x0000000017b3a800 Exception <a 'java/lang/ClassNotFoundException': org/springframework/web/servlet/FlashMapManagerCustomizer> (0x00000000f437a230) thrown at [C:\re\workspace\8-2-build-windows-amd64-cygwin\jdk8u112\7884\hotspot\src\share\vm\classfile\systemDictionary.cpp, l
Event: 307.125 Thread 0x0000000017b3a800 Implicit null exception at 0x00000000039694cf to 0x0000000003971505
Event: 307.137 Thread 0x0000000017b3a800 Exception <a 'java/lang/ClassNotFoundException': java/lang/ObjectCustomizer> (0x00000000f44fcf00) thrown at [C:\re\workspace\8-2-build-windows-amd64-cygwin\jdk8u112\7884\hotspot\src\share\vm\classfile\systemDictionary.cpp, line 210]
Event: 307.139 Thread 0x0000000017b3a800 Exception <a 'java/lang/ClassNotFoundException': hu/noSignal/noSignal/Controller/Services/UserServiceCustomizer> (0x00000000f4518888) thrown at [C:\re\workspace\8-2-build-windows-amd64-cygwin\jdk8u112\7884\hotspot\src\share\vm\classfile\systemDictionary.c
Event: 308.004 Thread 0x0000000017b3b000 Exception <a 'java/lang/ClassNotFoundException': java/lang/ObjectCustomizer> (0x00000000f5c72c40) thrown at [C:\re\workspace\8-2-build-windows-amd64-cygwin\jdk8u112\7884\hotspot\src\share\vm\classfile\systemDictionary.cpp, line 210]
Event: 308.008 Thread 0x0000000017b3b000 Exception <a 'java/lang/ClassNotFoundException': hu/noSignal/noSignal/Controller/Services/PostServiceCustomizer> (0x00000000f5c8e5c8) thrown at [C:\re\workspace\8-2-build-windows-amd64-cygwin\jdk8u112\7884\hotspot\src\share\vm\classfile\systemDictionary.c

Events (10 events):
Event: 308.317 Thread 0x0000000014f59000 flushing nmethod 0x00000000034dc890
Event: 308.319 loading class hu/noSignal/noSignal/Modell
Event: 308.319 loading class hu/noSignal/noSignal/Modell done
Event: 308.319 Thread 0x0000000014f59000 flushing nmethod 0x0000000003917650
Event: 308.320 loading class hu/noSignal/noSignal/Modell
Event: 308.320 loading class hu/noSignal/noSignal/Modell done
Event: 308.320 loading class hu/noSignal/noSignal/Modell
Event: 308.320 loading class hu/noSignal/noSignal/Modell done
Event: 308.325 loading class com/fasterxml/jackson/databind/ser/impl/PropertySerializerMap$Multi
Event: 308.325 loading class com/fasterxml/jackson/databind/ser/impl/PropertySerializerMap$Multi done


Dynamic libraries:
0x00007ff7c4080000 - 0x00007ff7c40b7000 	C:\Program Files\Java\jdk\jre\bin\java.exe
0x00007ffeab220000 - 0x00007ffeab3f2000 	C:\WINDOWS\SYSTEM32\ntdll.dll
0x00007ffea87b0000 - 0x00007ffea885c000 	C:\WINDOWS\System32\KERNEL32.DLL
0x00007ffea82d0000 - 0x00007ffea84ed000 	C:\WINDOWS\System32\KERNELBASE.dll
0x00007ffea8a60000 - 0x00007ffea8b02000 	C:\WINDOWS\System32\ADVAPI32.dll
0x00007ffea9100000 - 0x00007ffea919e000 	C:\WINDOWS\System32\msvcrt.dll
0x00007ffeaae20000 - 0x00007ffeaae79000 	C:\WINDOWS\System32\sechost.dll
0x00007ffea8860000 - 0x00007ffea8981000 	C:\WINDOWS\System32\RPCRT4.dll
0x00007ffeaacb0000 - 0x00007ffeaae15000 	C:\WINDOWS\System32\USER32.dll
0x00007ffea82b0000 - 0x00007ffea82ce000 	C:\WINDOWS\System32\win32u.dll
0x00007ffeab040000 - 0x00007ffeab074000 	C:\WINDOWS\System32\GDI32.dll
0x00007ffea7720000 - 0x00007ffea78a0000 	C:\WINDOWS\System32\gdi32full.dll
0x00007ffe9ab90000 - 0x00007ffe9ae0a000 	C:\WINDOWS\WinSxS\amd64_microsoft.windows.common-controls_6595b64144ccf1df_6.0.14393.953_none_42151e83c686086b\COMCTL32.dll
0x00007ffea8e30000 - 0x00007ffea90f8000 	C:\WINDOWS\System32\combase.dll
0x00007ffea7fe0000 - 0x00007ffea80d5000 	C:\WINDOWS\System32\ucrtbase.dll
0x00007ffea8740000 - 0x00007ffea87aa000 	C:\WINDOWS\System32\bcryptPrimitives.dll
0x00007ffea8c50000 - 0x00007ffea8c7e000 	C:\WINDOWS\System32\IMM32.DLL
0x00000000586b0000 - 0x0000000058782000 	C:\Program Files\Java\jdk\jre\bin\msvcr100.dll
0x00000000573a0000 - 0x0000000057c3a000 	C:\Program Files\Java\jdk\jre\bin\server\jvm.dll
0x00007ffeaae80000 - 0x00007ffeaae88000 	C:\WINDOWS\System32\PSAPI.DLL
0x00007ffe90450000 - 0x00007ffe90459000 	C:\WINDOWS\SYSTEM32\WSOCK32.dll
0x00007ffea57a0000 - 0x00007ffea57c3000 	C:\WINDOWS\SYSTEM32\WINMM.dll
0x00007ffea9730000 - 0x00007ffea979a000 	C:\WINDOWS\System32\WS2_32.dll
0x00007ffea5610000 - 0x00007ffea563b000 	C:\WINDOWS\SYSTEM32\WINMMBASE.dll
0x00007ffea8650000 - 0x00007ffea8692000 	C:\WINDOWS\System32\cfgmgr32.dll
0x00007ffe9f7a0000 - 0x00007ffe9f7aa000 	C:\WINDOWS\SYSTEM32\VERSION.dll
0x0000000058b20000 - 0x0000000058b2f000 	C:\Program Files\Java\jdk\jre\bin\verify.dll
0x0000000058af0000 - 0x0000000058b19000 	C:\Program Files\Java\jdk\jre\bin\java.dll
0x0000000058ad0000 - 0x0000000058ae6000 	C:\Program Files\Java\jdk\jre\bin\zip.dll
0x00007ffea97a0000 - 0x00007ffeaaca8000 	C:\WINDOWS\System32\SHELL32.dll
0x00007ffea7900000 - 0x00007ffea7fd8000 	C:\WINDOWS\System32\windows.storage.dll
0x00007ffea76c0000 - 0x00007ffea770c000 	C:\WINDOWS\System32\powrprof.dll
0x00007ffea8990000 - 0x00007ffea89e2000 	C:\WINDOWS\System32\shlwapi.dll
0x00007ffea76b0000 - 0x00007ffea76bf000 	C:\WINDOWS\System32\kernel.appcore.dll
0x00007ffea85a0000 - 0x00007ffea8649000 	C:\WINDOWS\System32\shcore.dll
0x00007ffea7690000 - 0x00007ffea76a4000 	C:\WINDOWS\System32\profapi.dll
0x00000000586a0000 - 0x00000000586ad000 	C:\Program Files\Java\jdk\jre\bin\management.dll
0x0000000058a10000 - 0x0000000058a2a000 	C:\Program Files\Java\jdk\jre\bin\net.dll
0x00007ffea6fc0000 - 0x00007ffea701c000 	C:\WINDOWS\system32\mswsock.dll
0x00007ffe8e3a0000 - 0x00007ffe8e3b6000 	C:\WINDOWS\system32\napinsp.dll
0x00007ffe8e380000 - 0x00007ffe8e39a000 	C:\WINDOWS\system32\pnrpnsp.dll
0x00007ffea4d00000 - 0x00007ffea4d18000 	C:\WINDOWS\system32\NLAapi.dll
0x00007ffea6d80000 - 0x00007ffea6e21000 	C:\WINDOWS\SYSTEM32\DNSAPI.dll
0x00007ffea8c80000 - 0x00007ffea8c88000 	C:\WINDOWS\System32\NSI.dll
0x00007ffea6d40000 - 0x00007ffea6d78000 	C:\WINDOWS\SYSTEM32\IPHLPAPI.DLL
0x00007ffea5a40000 - 0x00007ffea5a4e000 	C:\WINDOWS\System32\winrnr.dll
0x00007ffe771d0000 - 0x00007ffe771e5000 	C:\WINDOWS\System32\wshbth.dll
0x0000000059f80000 - 0x0000000059fa6000 	C:\Program Files\Bonjour\mdnsNSP.dll
0x00007ffe903c0000 - 0x00007ffe903ca000 	C:\Windows\System32\rasadhlp.dll
0x00007ffe9e550000 - 0x00007ffe9e5ba000 	C:\WINDOWS\System32\fwpuclnt.dll
0x00007ffea7390000 - 0x00007ffea73bb000 	C:\WINDOWS\SYSTEM32\bcrypt.dll
0x0000000057380000 - 0x0000000057391000 	C:\Program Files\Java\jdk\jre\bin\nio.dll
0x00007ffea7160000 - 0x00007ffea7177000 	C:\WINDOWS\SYSTEM32\CRYPTSP.dll
0x00007ffea6b60000 - 0x00007ffea6b93000 	C:\WINDOWS\system32\rsaenh.dll
0x00007ffea6e40000 - 0x00007ffea6e5f000 	C:\WINDOWS\SYSTEM32\USERENV.dll
0x00007ffea7180000 - 0x00007ffea718b000 	C:\WINDOWS\SYSTEM32\CRYPTBASE.dll
0x00007ffe9fc00000 - 0x00007ffe9fc16000 	C:\WINDOWS\SYSTEM32\dhcpcsvc6.DLL
0x00007ffe9fdd0000 - 0x00007ffe9fdea000 	C:\WINDOWS\SYSTEM32\dhcpcsvc.DLL

VM Arguments:
java_command: hu.noSignal.noSignal.NoSignalApplication
java_class_path (initial): C:\Users\Viktória\Desktop\noSignal2\noSignal\target\classes;C:\Users\Viktória\.m2\repository\com\fasterxml\jackson\core\jackson-annotations\2.8.0\jackson-annotations-2.8.0.jar;C:\Users\Viktória\.m2\repository\org\codehaus\groovy\groovy\2.4.12\groovy-2.4.12.jar;C:\Users\Viktória\.m2\repository\org\jboss\logging\jboss-logging\3.3.1.Final\jboss-logging-3.3.1.Final.jar;C:\Users\Viktória\.m2\repository\org\aspectj\aspectjweaver\1.8.11\aspectjweaver-1.8.11.jar;C:\Users\Viktória\.m2\repository\org\springframework\boot\spring-boot-starter-thymeleaf\1.5.8.RELEASE\spring-boot-starter-thymeleaf-1.5.8.RELEASE.jar;C:\Users\Viktória\.m2\repository\org\hibernate\common\hibernate-commons-annotations\5.0.1.Final\hibernate-commons-annotations-5.0.1.Final.jar;C:\Users\Viktória\.m2\repository\antlr\antlr\2.7.7\antlr-2.7.7.jar;C:\Users\Viktória\.m2\repository\org\springframework\spring-beans\4.3.12.RELEASE\spring-beans-4.3.12.RELEASE.jar;C:\Users\Viktória\.m2\repository\org\springframework\boot\spring-boot-starter-tomcat\1.5.8.RELEASE\spring-boot-starter-tomcat-1.5.8.RELEASE.jar;C:\Users\Viktória\.m2\repository\nz\net\ultraq\thymeleaf\thymeleaf-layout-dialect\1.4.0\thymeleaf-layout-dialect-1.4.0.jar;C:\Users\Viktória\.m2\repository\org\springframework\boot\spring-boot-autoconfigure\1.5.8.RELEASE\spring-boot-autoconfigure-1.5.8.RELEASE.jar;C:\Users\Viktória\.m2\repository\org\springframework\spring-tx\4.3.12.RELEASE\spring-tx-4.3.12.RELEASE.jar;C:\Users\Viktória\.m2\repository\org\yaml\snakeyaml\1.17\snakeyaml-1.17.jar;C:\Users\Viktória\.m2\repository\org\apache\tomcat\tomcat-juli\8.5.23\tomcat-juli-8.5.23.jar;C:\Users\Viktória\.m2\repository\com\fasterxml\classmate\1.3.4\classmate-1.3.4.jar;C:\Users\Viktória\.m2\repository\org\javassist\javassist\3.21.0-GA\javassist-3.21.0-GA.jar;C:\Users\Viktória\.m2\repository\org\slf4j\jcl-over-slf4j\1.7.25\jcl-over-slf4j-1.7.25.jar;C:\Users\Viktória\.m2\repository\org\hibernate\hibernate-entitymanager\5.0.12.Final\hibern
Launcher Type: SUN_STANDARD

Environment Variables:
JAVA_HOME=C:\Program Files\Java\jdk
JRE_HOME= C:\Program Files\Java\jdk\jre
PATH=C:\ProgramData\Oracle\Java\javapath;C:\Program Files\Java\jdk1.8.0_112\bin;C:\Program Files\Java\jre1.8.0_112\bin;%JAVA_HOME%/bin;C:\Program Files\Microsoft SQL Server\130\Tools\Binn\;C:\Program Files (x86)\Windows Kits\8.1\Windows Performance Toolkit\;C:\Windows\System32;C:\Program Files\Git\cmd;C:\Program Files\PuTTY\;C:\Program Files\nodejs\;C:\Users\Viktória\Desktop\Programok\apache-maven-3.5.2-bin\apache-maven-3.5.2\bin;C:\Python27\python.exe;C:\Program Files\Git\bin;C:\Program Files (x86)\CodeBlocks\MinGW\bin;C:\Users\Viktória\AppData\Local\atom\bin;C:\Users\Viktória\AppData\Roaming\npm;C:\Program Files\nodejs\
USERNAME=Viktória
OS=Windows_NT
PROCESSOR_IDENTIFIER=Intel64 Family 6 Model 61 Stepping 4, GenuineIntel



---------------  S Y S T E M  ---------------

OS: Windows 10.0 , 64 bit Build 14393 (10.0.14393.1198)

CPU:total 4 (2 cores per cpu, 2 threads per core) family 6 model 61 stepping 4, cmov, cx8, fxsr, mmx, sse, sse2, sse3, ssse3, sse4.1, sse4.2, popcnt, avx, avx2, aes, clmul, erms, 3dnowpref, lzcnt, ht, tsc, tscinvbit, bmi1, bmi2, adx

Memory: 4k page, physical 4103672k(604920k free), swap 5827964k(5192k free)

vm_info: Java HotSpot(TM) 64-Bit Server VM (25.112-b15) for windows-amd64 JRE (1.8.0_112-b15), built on Sep 22 2016 21:31:56 by "java_re" with MS VC++ 10.0 (VS2010)

time: Tue Dec 05 12:47:33 2017
elapsed time: 308 seconds (0d 0h 5m 8s)

